<?xml version="1.0" encoding="UTF-8"?>
<!-- Generated by org.testng.reporters.JUnitReportReporter -->
<testsuite hostname="DESKTOP-7HPDDDR" failures="0" tests="2" name="Automation.Waits" time="86.947" errors="2" timestamp="2022-10-22T21:51:04 IST" skipped="0">
  <testcase classname="Automation.Waits" name="enterid" time="41.146">
    <error message="Unresolved compilation problems: 
	Syntax error on token &quot;ExpectedCondition&quot;, ( expected after this token
	Syntax error on token &quot;.&quot;, @ expected
	Syntax error on token &quot;)&quot;, delete this token
	Syntax error on token(s), misplaced construct(s)
	Syntax error on token &quot;;&quot;, delete this token
	Syntax error, insert &quot;)&quot; to complete NormalAnnotation
	Syntax error, insert &quot;[ ]&quot; to complete Dimension
	Syntax error, insert &quot;)&quot; to complete MethodDeclaration
" type="java.lang.Error">
      <![CDATA[java.lang.Error: Unresolved compilation problems: 
Syntax error on token "ExpectedCondition", ( expected after this token
Syntax error on token ".", @ expected
Syntax error on token ")", delete this token
Syntax error on token(s), misplaced construct(s)
Syntax error on token ";", delete this token
Syntax error, insert ")" to complete NormalAnnotation
Syntax error, insert "[ ]" to complete Dimension
Syntax error, insert ")" to complete MethodDeclaration

at Automation.PomFb.<init>(PomFb.java:30)
at Automation.Waits.enterid(Waits.java:35)
at java.base/jdk.internal.reflect.DirectMethodHandleAccessor.invoke(DirectMethodHandleAccessor.java:104)
at java.base/java.lang.reflect.Method.invoke(Method.java:577)
at org.testng.internal.invokers.MethodInvocationHelper.invokeMethod(MethodInvocationHelper.java:139)
at org.testng.internal.invokers.TestInvoker.invokeMethod(TestInvoker.java:677)
at org.testng.internal.invokers.TestInvoker.invokeTestMethod(TestInvoker.java:221)
at org.testng.internal.invokers.MethodRunner.runInSequence(MethodRunner.java:50)
at org.testng.internal.invokers.TestInvoker$MethodInvocationAgent.invoke(TestInvoker.java:962)
at org.testng.internal.invokers.TestInvoker.invokeTestMethods(TestInvoker.java:194)
at org.testng.internal.invokers.TestMethodWorker.invokeTestMethods(TestMethodWorker.java:148)
at org.testng.internal.invokers.TestMethodWorker.run(TestMethodWorker.java:128)
at java.base/java.util.ArrayList.forEach(ArrayList.java:1511)
at org.testng.TestRunner.privateRun(TestRunner.java:806)
at org.testng.TestRunner.run(TestRunner.java:601)
at org.testng.SuiteRunner.runTest(SuiteRunner.java:433)
at org.testng.SuiteRunner.runSequentially(SuiteRunner.java:427)
at org.testng.SuiteRunner.privateRun(SuiteRunner.java:387)
at org.testng.SuiteRunner.run(SuiteRunner.java:330)
at org.testng.SuiteRunnerWorker.runSuite(SuiteRunnerWorker.java:52)
at org.testng.SuiteRunnerWorker.run(SuiteRunnerWorker.java:95)
at org.testng.TestNG.runSuitesSequentially(TestNG.java:1256)
at org.testng.TestNG.runSuitesLocally(TestNG.java:1176)
at org.testng.TestNG.runSuites(TestNG.java:1099)
at org.testng.TestNG.run(TestNG.java:1067)
at org.testng.remote.AbstractRemoteTestNG.run(AbstractRemoteTestNG.java:115)
at org.testng.remote.RemoteTestNG.initAndRun(RemoteTestNG.java:251)
at org.testng.remote.RemoteTestNG.main(RemoteTestNG.java:77)
]]>
    </error>
  </testcase> <!-- enterid -->
  <system-out/>
  <testcase classname="Automation.Waits" name="Registration" time="45.801">
    <error message="Unresolved compilation problems: 
	Syntax error on token &quot;ExpectedCondition&quot;, ( expected after this token
	Syntax error on token &quot;.&quot;, @ expected
	Syntax error on token &quot;)&quot;, delete this token
	Syntax error on token(s), misplaced construct(s)
	Syntax error on token &quot;;&quot;, delete this token
	Syntax error, insert &quot;)&quot; to complete NormalAnnotation
	Syntax error, insert &quot;[ ]&quot; to complete Dimension
	Syntax error, insert &quot;)&quot; to complete MethodDeclaration
" type="java.lang.Error">
      <![CDATA[java.lang.Error: Unresolved compilation problems: 
Syntax error on token "ExpectedCondition", ( expected after this token
Syntax error on token ".", @ expected
Syntax error on token ")", delete this token
Syntax error on token(s), misplaced construct(s)
Syntax error on token ";", delete this token
Syntax error, insert ")" to complete NormalAnnotation
Syntax error, insert "[ ]" to complete Dimension
Syntax error, insert ")" to complete MethodDeclaration

at Automation.PomFb.<init>(PomFb.java:30)
at Automation.Waits.Registration(Waits.java:25)
at java.base/jdk.internal.reflect.DirectMethodHandleAccessor.invoke(DirectMethodHandleAccessor.java:104)
at java.base/java.lang.reflect.Method.invoke(Method.java:577)
at org.testng.internal.invokers.MethodInvocationHelper.invokeMethod(MethodInvocationHelper.java:139)
at org.testng.internal.invokers.TestInvoker.invokeMethod(TestInvoker.java:677)
at org.testng.internal.invokers.TestInvoker.invokeTestMethod(TestInvoker.java:221)
at org.testng.internal.invokers.MethodRunner.runInSequence(MethodRunner.java:50)
at org.testng.internal.invokers.TestInvoker$MethodInvocationAgent.invoke(TestInvoker.java:962)
at org.testng.internal.invokers.TestInvoker.invokeTestMethods(TestInvoker.java:194)
at org.testng.internal.invokers.TestMethodWorker.invokeTestMethods(TestMethodWorker.java:148)
at org.testng.internal.invokers.TestMethodWorker.run(TestMethodWorker.java:128)
at java.base/java.util.ArrayList.forEach(ArrayList.java:1511)
at org.testng.TestRunner.privateRun(TestRunner.java:806)
at org.testng.TestRunner.run(TestRunner.java:601)
at org.testng.SuiteRunner.runTest(SuiteRunner.java:433)
at org.testng.SuiteRunner.runSequentially(SuiteRunner.java:427)
at org.testng.SuiteRunner.privateRun(SuiteRunner.java:387)
at org.testng.SuiteRunner.run(SuiteRunner.java:330)
at org.testng.SuiteRunnerWorker.runSuite(SuiteRunnerWorker.java:52)
at org.testng.SuiteRunnerWorker.run(SuiteRunnerWorker.java:95)
at org.testng.TestNG.runSuitesSequentially(TestNG.java:1256)
at org.testng.TestNG.runSuitesLocally(TestNG.java:1176)
at org.testng.TestNG.runSuites(TestNG.java:1099)
at org.testng.TestNG.run(TestNG.java:1067)
at org.testng.remote.AbstractRemoteTestNG.run(AbstractRemoteTestNG.java:115)
at org.testng.remote.RemoteTestNG.initAndRun(RemoteTestNG.java:251)
at org.testng.remote.RemoteTestNG.main(RemoteTestNG.java:77)
]]>
    </error>
  </testcase> <!-- Registration -->
  <system-out/>
</testsuite> <!-- Automation.Waits -->
